<?xml version="1.0" encoding="UTF-8"?>
<testsuite xmlns:xsi="http://www.w3.org/2001/XMLSchema-instance" xsi:noNamespaceSchemaLocation="https://maven.apache.org/surefire/maven-surefire-plugin/xsd/surefire-test-report.xsd" name="com.world.info.WorldInfoServiceApplicationTests" time="8.562" tests="1" errors="0" skipped="0" failures="0">
  <properties>
    <property name="sun.desktop" value="windows"/>
    <property name="awt.toolkit" value="sun.awt.windows.WToolkit"/>
    <property name="java.specification.version" value="12"/>
    <property name="sun.cpu.isalist" value="amd64"/>
    <property name="sun.jnu.encoding" value="Cp1252"/>
    <property name="java.class.path" value="D:\SpringBootWorkSpace\worldInfoService\target\test-classes;D:\SpringBootWorkSpace\worldInfoService\target\classes;C:\Users\praveenreddy.somu\.m2\repository\org\springframework\boot\spring-boot-starter-web\2.1.6.RELEASE\spring-boot-starter-web-2.1.6.RELEASE.jar;C:\Users\praveenreddy.somu\.m2\repository\org\springframework\boot\spring-boot-starter\2.1.6.RELEASE\spring-boot-starter-2.1.6.RELEASE.jar;C:\Users\praveenreddy.somu\.m2\repository\javax\annotation\javax.annotation-api\1.3.2\javax.annotation-api-1.3.2.jar;C:\Users\praveenreddy.somu\.m2\repository\org\yaml\snakeyaml\1.23\snakeyaml-1.23.jar;C:\Users\praveenreddy.somu\.m2\repository\org\springframework\boot\spring-boot-starter-json\2.1.6.RELEASE\spring-boot-starter-json-2.1.6.RELEASE.jar;C:\Users\praveenreddy.somu\.m2\repository\com\fasterxml\jackson\core\jackson-databind\2.9.9\jackson-databind-2.9.9.jar;C:\Users\praveenreddy.somu\.m2\repository\com\fasterxml\jackson\core\jackson-core\2.9.9\jackson-core-2.9.9.jar;C:\Users\praveenreddy.somu\.m2\repository\com\fasterxml\jackson\datatype\jackson-datatype-jdk8\2.9.9\jackson-datatype-jdk8-2.9.9.jar;C:\Users\praveenreddy.somu\.m2\repository\com\fasterxml\jackson\datatype\jackson-datatype-jsr310\2.9.9\jackson-datatype-jsr310-2.9.9.jar;C:\Users\praveenreddy.somu\.m2\repository\com\fasterxml\jackson\module\jackson-module-parameter-names\2.9.9\jackson-module-parameter-names-2.9.9.jar;C:\Users\praveenreddy.somu\.m2\repository\org\springframework\boot\spring-boot-starter-tomcat\2.1.6.RELEASE\spring-boot-starter-tomcat-2.1.6.RELEASE.jar;C:\Users\praveenreddy.somu\.m2\repository\org\apache\tomcat\embed\tomcat-embed-core\9.0.21\tomcat-embed-core-9.0.21.jar;C:\Users\praveenreddy.somu\.m2\repository\org\apache\tomcat\embed\tomcat-embed-el\9.0.21\tomcat-embed-el-9.0.21.jar;C:\Users\praveenreddy.somu\.m2\repository\org\apache\tomcat\embed\tomcat-embed-websocket\9.0.21\tomcat-embed-websocket-9.0.21.jar;C:\Users\praveenreddy.somu\.m2\repository\org\hibernate\validator\hibernate-validator\6.0.17.Final\hibernate-validator-6.0.17.Final.jar;C:\Users\praveenreddy.somu\.m2\repository\javax\validation\validation-api\2.0.1.Final\validation-api-2.0.1.Final.jar;C:\Users\praveenreddy.somu\.m2\repository\org\jboss\logging\jboss-logging\3.3.2.Final\jboss-logging-3.3.2.Final.jar;C:\Users\praveenreddy.somu\.m2\repository\com\fasterxml\classmate\1.4.0\classmate-1.4.0.jar;C:\Users\praveenreddy.somu\.m2\repository\org\springframework\spring-web\5.1.8.RELEASE\spring-web-5.1.8.RELEASE.jar;C:\Users\praveenreddy.somu\.m2\repository\org\springframework\spring-beans\5.1.8.RELEASE\spring-beans-5.1.8.RELEASE.jar;C:\Users\praveenreddy.somu\.m2\repository\org\springframework\spring-webmvc\5.1.8.RELEASE\spring-webmvc-5.1.8.RELEASE.jar;C:\Users\praveenreddy.somu\.m2\repository\org\springframework\spring-aop\5.1.8.RELEASE\spring-aop-5.1.8.RELEASE.jar;C:\Users\praveenreddy.somu\.m2\repository\org\springframework\spring-context\5.1.8.RELEASE\spring-context-5.1.8.RELEASE.jar;C:\Users\praveenreddy.somu\.m2\repository\org\springframework\spring-expression\5.1.8.RELEASE\spring-expression-5.1.8.RELEASE.jar;C:\Users\praveenreddy.somu\.m2\repository\org\springframework\boot\spring-boot-starter-log4j2\2.1.6.RELEASE\spring-boot-starter-log4j2-2.1.6.RELEASE.jar;C:\Users\praveenreddy.somu\.m2\repository\org\apache\logging\log4j\log4j-slf4j-impl\2.11.2\log4j-slf4j-impl-2.11.2.jar;C:\Users\praveenreddy.somu\.m2\repository\org\slf4j\slf4j-api\1.7.26\slf4j-api-1.7.26.jar;C:\Users\praveenreddy.somu\.m2\repository\org\apache\logging\log4j\log4j-api\2.11.2\log4j-api-2.11.2.jar;C:\Users\praveenreddy.somu\.m2\repository\org\apache\logging\log4j\log4j-core\2.11.2\log4j-core-2.11.2.jar;C:\Users\praveenreddy.somu\.m2\repository\org\apache\logging\log4j\log4j-jul\2.11.2\log4j-jul-2.11.2.jar;C:\Users\praveenreddy.somu\.m2\repository\org\slf4j\jul-to-slf4j\1.7.26\jul-to-slf4j-1.7.26.jar;C:\Users\praveenreddy.somu\.m2\repository\org\mybatis\spring\boot\mybatis-spring-boot-starter\2.1.0\mybatis-spring-boot-starter-2.1.0.jar;C:\Users\praveenreddy.somu\.m2\repository\org\springframework\boot\spring-boot-starter-jdbc\2.1.6.RELEASE\spring-boot-starter-jdbc-2.1.6.RELEASE.jar;C:\Users\praveenreddy.somu\.m2\repository\com\zaxxer\HikariCP\3.2.0\HikariCP-3.2.0.jar;C:\Users\praveenreddy.somu\.m2\repository\org\springframework\spring-jdbc\5.1.8.RELEASE\spring-jdbc-5.1.8.RELEASE.jar;C:\Users\praveenreddy.somu\.m2\repository\org\springframework\spring-tx\5.1.8.RELEASE\spring-tx-5.1.8.RELEASE.jar;C:\Users\praveenreddy.somu\.m2\repository\org\mybatis\spring\boot\mybatis-spring-boot-autoconfigure\2.1.0\mybatis-spring-boot-autoconfigure-2.1.0.jar;C:\Users\praveenreddy.somu\.m2\repository\org\mybatis\mybatis\3.5.2\mybatis-3.5.2.jar;C:\Users\praveenreddy.somu\.m2\repository\org\mybatis\mybatis-spring\2.0.2\mybatis-spring-2.0.2.jar;C:\Users\praveenreddy.somu\.m2\repository\mysql\mysql-connector-java\8.0.16\mysql-connector-java-8.0.16.jar;C:\Users\praveenreddy.somu\.m2\repository\org\springframework\boot\spring-boot-starter-test\2.1.6.RELEASE\spring-boot-starter-test-2.1.6.RELEASE.jar;C:\Users\praveenreddy.somu\.m2\repository\org\springframework\boot\spring-boot-test\2.1.6.RELEASE\spring-boot-test-2.1.6.RELEASE.jar;C:\Users\praveenreddy.somu\.m2\repository\org\springframework\boot\spring-boot-test-autoconfigure\2.1.6.RELEASE\spring-boot-test-autoconfigure-2.1.6.RELEASE.jar;C:\Users\praveenreddy.somu\.m2\repository\com\jayway\jsonpath\json-path\2.4.0\json-path-2.4.0.jar;C:\Users\praveenreddy.somu\.m2\repository\net\minidev\json-smart\2.3\json-smart-2.3.jar;C:\Users\praveenreddy.somu\.m2\repository\net\minidev\accessors-smart\1.2\accessors-smart-1.2.jar;C:\Users\praveenreddy.somu\.m2\repository\org\ow2\asm\asm\5.0.4\asm-5.0.4.jar;C:\Users\praveenreddy.somu\.m2\repository\junit\junit\4.12\junit-4.12.jar;C:\Users\praveenreddy.somu\.m2\repository\org\assertj\assertj-core\3.11.1\assertj-core-3.11.1.jar;C:\Users\praveenreddy.somu\.m2\repository\org\mockito\mockito-core\2.23.4\mockito-core-2.23.4.jar;C:\Users\praveenreddy.somu\.m2\repository\net\bytebuddy\byte-buddy\1.9.13\byte-buddy-1.9.13.jar;C:\Users\praveenreddy.somu\.m2\repository\net\bytebuddy\byte-buddy-agent\1.9.13\byte-buddy-agent-1.9.13.jar;C:\Users\praveenreddy.somu\.m2\repository\org\objenesis\objenesis\2.6\objenesis-2.6.jar;C:\Users\praveenreddy.somu\.m2\repository\org\hamcrest\hamcrest-core\1.3\hamcrest-core-1.3.jar;C:\Users\praveenreddy.somu\.m2\repository\org\hamcrest\hamcrest-library\1.3\hamcrest-library-1.3.jar;C:\Users\praveenreddy.somu\.m2\repository\org\skyscreamer\jsonassert\1.5.0\jsonassert-1.5.0.jar;C:\Users\praveenreddy.somu\.m2\repository\com\vaadin\external\google\android-json\0.0.20131108.vaadin1\android-json-0.0.20131108.vaadin1.jar;C:\Users\praveenreddy.somu\.m2\repository\org\springframework\spring-core\5.1.8.RELEASE\spring-core-5.1.8.RELEASE.jar;C:\Users\praveenreddy.somu\.m2\repository\org\springframework\spring-jcl\5.1.8.RELEASE\spring-jcl-5.1.8.RELEASE.jar;C:\Users\praveenreddy.somu\.m2\repository\org\springframework\spring-test\5.1.8.RELEASE\spring-test-5.1.8.RELEASE.jar;C:\Users\praveenreddy.somu\.m2\repository\org\xmlunit\xmlunit-core\2.6.2\xmlunit-core-2.6.2.jar;C:\Users\praveenreddy.somu\.m2\repository\org\springframework\boot\spring-boot-devtools\2.1.6.RELEASE\spring-boot-devtools-2.1.6.RELEASE.jar;C:\Users\praveenreddy.somu\.m2\repository\org\springframework\boot\spring-boot\2.1.6.RELEASE\spring-boot-2.1.6.RELEASE.jar;C:\Users\praveenreddy.somu\.m2\repository\org\springframework\boot\spring-boot-autoconfigure\2.1.6.RELEASE\spring-boot-autoconfigure-2.1.6.RELEASE.jar;C:\Users\praveenreddy.somu\.m2\repository\org\springframework\boot\spring-boot-starter-jersey\2.1.6.RELEASE\spring-boot-starter-jersey-2.1.6.RELEASE.jar;C:\Users\praveenreddy.somu\.m2\repository\org\springframework\boot\spring-boot-starter-validation\2.1.6.RELEASE\spring-boot-starter-validation-2.1.6.RELEASE.jar;C:\Users\praveenreddy.somu\.m2\repository\org\glassfish\jersey\core\jersey-server\2.27\jersey-server-2.27.jar;C:\Users\praveenreddy.somu\.m2\repository\org\glassfish\jersey\core\jersey-common\2.27\jersey-common-2.27.jar;C:\Users\praveenreddy.somu\.m2\repository\org\glassfish\hk2\osgi-resource-locator\1.0.1\osgi-resource-locator-1.0.1.jar;C:\Users\praveenreddy.somu\.m2\repository\org\glassfish\jersey\core\jersey-client\2.27\jersey-client-2.27.jar;C:\Users\praveenreddy.somu\.m2\repository\javax\ws\rs\javax.ws.rs-api\2.1\javax.ws.rs-api-2.1.jar;C:\Users\praveenreddy.somu\.m2\repository\org\glassfish\jersey\media\jersey-media-jaxb\2.27\jersey-media-jaxb-2.27.jar;C:\Users\praveenreddy.somu\.m2\repository\org\glassfish\jersey\containers\jersey-container-servlet-core\2.27\jersey-container-servlet-core-2.27.jar;C:\Users\praveenreddy.somu\.m2\repository\org\glassfish\jersey\containers\jersey-container-servlet\2.27\jersey-container-servlet-2.27.jar;C:\Users\praveenreddy.somu\.m2\repository\org\glassfish\jersey\ext\jersey-bean-validation\2.27\jersey-bean-validation-2.27.jar;C:\Users\praveenreddy.somu\.m2\repository\org\glassfish\jersey\ext\jersey-spring4\2.27\jersey-spring4-2.27.jar;C:\Users\praveenreddy.somu\.m2\repository\org\glassfish\jersey\inject\jersey-hk2\2.27\jersey-hk2-2.27.jar;C:\Users\praveenreddy.somu\.m2\repository\org\glassfish\hk2\hk2-locator\2.5.0-b42\hk2-locator-2.5.0-b42.jar;C:\Users\praveenreddy.somu\.m2\repository\org\glassfish\hk2\external\aopalliance-repackaged\2.5.0-b42\aopalliance-repackaged-2.5.0-b42.jar;C:\Users\praveenreddy.somu\.m2\repository\org\javassist\javassist\3.22.0-CR2\javassist-3.22.0-CR2.jar;C:\Users\praveenreddy.somu\.m2\repository\org\glassfish\hk2\hk2\2.5.0-b42\hk2-2.5.0-b42.jar;C:\Users\praveenreddy.somu\.m2\repository\org\glassfish\hk2\hk2-utils\2.5.0-b42\hk2-utils-2.5.0-b42.jar;C:\Users\praveenreddy.somu\.m2\repository\javax\inject\javax.inject\1\javax.inject-1.jar;C:\Users\praveenreddy.somu\.m2\repository\org\glassfish\hk2\hk2-api\2.5.0-b42\hk2-api-2.5.0-b42.jar;C:\Users\praveenreddy.somu\.m2\repository\org\glassfish\hk2\config-types\2.5.0-b42\config-types-2.5.0-b42.jar;C:\Users\praveenreddy.somu\.m2\repository\org\glassfish\hk2\hk2-core\2.5.0-b42\hk2-core-2.5.0-b42.jar;C:\Users\praveenreddy.somu\.m2\repository\org\glassfish\hk2\hk2-config\2.5.0-b42\hk2-config-2.5.0-b42.jar;C:\Users\praveenreddy.somu\.m2\repository\org\glassfish\hk2\hk2-runlevel\2.5.0-b42\hk2-runlevel-2.5.0-b42.jar;C:\Users\praveenreddy.somu\.m2\repository\org\glassfish\hk2\class-model\2.5.0-b42\class-model-2.5.0-b42.jar;C:\Users\praveenreddy.somu\.m2\repository\org\glassfish\hk2\external\asm-all-repackaged\2.5.0-b42\asm-all-repackaged-2.5.0-b42.jar;C:\Users\praveenreddy.somu\.m2\repository\org\glassfish\hk2\spring-bridge\2.5.0-b42\spring-bridge-2.5.0-b42.jar;C:\Users\praveenreddy.somu\.m2\repository\org\glassfish\jersey\media\jersey-media-json-jackson\2.27\jersey-media-json-jackson-2.27.jar;C:\Users\praveenreddy.somu\.m2\repository\org\glassfish\jersey\ext\jersey-entity-filtering\2.27\jersey-entity-filtering-2.27.jar;C:\Users\praveenreddy.somu\.m2\repository\com\fasterxml\jackson\core\jackson-annotations\2.9.0\jackson-annotations-2.9.0.jar;C:\Users\praveenreddy.somu\.m2\repository\com\fasterxml\jackson\module\jackson-module-jaxb-annotations\2.9.9\jackson-module-jaxb-annotations-2.9.9.jar;C:\Users\praveenreddy.somu\.m2\repository\javax\xml\bind\jaxb-api\2.3.1\jaxb-api-2.3.1.jar;C:\Users\praveenreddy.somu\.m2\repository\javax\activation\javax.activation-api\1.2.0\javax.activation-api-1.2.0.jar;C:\Users\praveenreddy.somu\.m2\repository\org\springframework\boot\spring-boot-starter-actuator\2.1.6.RELEASE\spring-boot-starter-actuator-2.1.6.RELEASE.jar;C:\Users\praveenreddy.somu\.m2\repository\org\springframework\boot\spring-boot-actuator-autoconfigure\2.1.6.RELEASE\spring-boot-actuator-autoconfigure-2.1.6.RELEASE.jar;C:\Users\praveenreddy.somu\.m2\repository\org\springframework\boot\spring-boot-actuator\2.1.6.RELEASE\spring-boot-actuator-2.1.6.RELEASE.jar;C:\Users\praveenreddy.somu\.m2\repository\io\micrometer\micrometer-core\1.1.5\micrometer-core-1.1.5.jar;C:\Users\praveenreddy.somu\.m2\repository\org\hdrhistogram\HdrHistogram\2.1.9\HdrHistogram-2.1.9.jar;C:\Users\praveenreddy.somu\.m2\repository\org\latencyutils\LatencyUtils\2.0.3\LatencyUtils-2.0.3.jar;"/>
    <property name="java.vm.vendor" value="Oracle Corporation"/>
    <property name="sun.arch.data.model" value="64"/>
    <property name="user.variant" value=""/>
    <property name="java.vendor.url" value="https://java.oracle.com/"/>
    <property name="user.timezone" value="Asia/Calcutta"/>
    <property name="os.name" value="Windows 10"/>
    <property name="java.vm.specification.version" value="12"/>
    <property name="sun.java.launcher" value="SUN_STANDARD"/>
    <property name="user.country" value="US"/>
    <property name="sun.boot.library.path" value="C:\Program Files\Java\jdk-12.0.2\bin"/>
    <property name="sun.java.command" value="C:\Users\PRAVEE~1.SOM\AppData\Local\Temp\surefire1262176290435948750\surefirebooter10873022310950464394.jar C:\Users\praveenreddy.somu\AppData\Local\Temp\surefire1262176290435948750 2019-07-30T19-42-23_596-jvmRun1 surefire5103793517252680846tmp surefire_017804595843537536097tmp"/>
    <property name="jdk.debug" value="release"/>
    <property name="surefire.test.class.path" value="D:\SpringBootWorkSpace\worldInfoService\target\test-classes;D:\SpringBootWorkSpace\worldInfoService\target\classes;C:\Users\praveenreddy.somu\.m2\repository\org\springframework\boot\spring-boot-starter-web\2.1.6.RELEASE\spring-boot-starter-web-2.1.6.RELEASE.jar;C:\Users\praveenreddy.somu\.m2\repository\org\springframework\boot\spring-boot-starter\2.1.6.RELEASE\spring-boot-starter-2.1.6.RELEASE.jar;C:\Users\praveenreddy.somu\.m2\repository\javax\annotation\javax.annotation-api\1.3.2\javax.annotation-api-1.3.2.jar;C:\Users\praveenreddy.somu\.m2\repository\org\yaml\snakeyaml\1.23\snakeyaml-1.23.jar;C:\Users\praveenreddy.somu\.m2\repository\org\springframework\boot\spring-boot-starter-json\2.1.6.RELEASE\spring-boot-starter-json-2.1.6.RELEASE.jar;C:\Users\praveenreddy.somu\.m2\repository\com\fasterxml\jackson\core\jackson-databind\2.9.9\jackson-databind-2.9.9.jar;C:\Users\praveenreddy.somu\.m2\repository\com\fasterxml\jackson\core\jackson-core\2.9.9\jackson-core-2.9.9.jar;C:\Users\praveenreddy.somu\.m2\repository\com\fasterxml\jackson\datatype\jackson-datatype-jdk8\2.9.9\jackson-datatype-jdk8-2.9.9.jar;C:\Users\praveenreddy.somu\.m2\repository\com\fasterxml\jackson\datatype\jackson-datatype-jsr310\2.9.9\jackson-datatype-jsr310-2.9.9.jar;C:\Users\praveenreddy.somu\.m2\repository\com\fasterxml\jackson\module\jackson-module-parameter-names\2.9.9\jackson-module-parameter-names-2.9.9.jar;C:\Users\praveenreddy.somu\.m2\repository\org\springframework\boot\spring-boot-starter-tomcat\2.1.6.RELEASE\spring-boot-starter-tomcat-2.1.6.RELEASE.jar;C:\Users\praveenreddy.somu\.m2\repository\org\apache\tomcat\embed\tomcat-embed-core\9.0.21\tomcat-embed-core-9.0.21.jar;C:\Users\praveenreddy.somu\.m2\repository\org\apache\tomcat\embed\tomcat-embed-el\9.0.21\tomcat-embed-el-9.0.21.jar;C:\Users\praveenreddy.somu\.m2\repository\org\apache\tomcat\embed\tomcat-embed-websocket\9.0.21\tomcat-embed-websocket-9.0.21.jar;C:\Users\praveenreddy.somu\.m2\repository\org\hibernate\validator\hibernate-validator\6.0.17.Final\hibernate-validator-6.0.17.Final.jar;C:\Users\praveenreddy.somu\.m2\repository\javax\validation\validation-api\2.0.1.Final\validation-api-2.0.1.Final.jar;C:\Users\praveenreddy.somu\.m2\repository\org\jboss\logging\jboss-logging\3.3.2.Final\jboss-logging-3.3.2.Final.jar;C:\Users\praveenreddy.somu\.m2\repository\com\fasterxml\classmate\1.4.0\classmate-1.4.0.jar;C:\Users\praveenreddy.somu\.m2\repository\org\springframework\spring-web\5.1.8.RELEASE\spring-web-5.1.8.RELEASE.jar;C:\Users\praveenreddy.somu\.m2\repository\org\springframework\spring-beans\5.1.8.RELEASE\spring-beans-5.1.8.RELEASE.jar;C:\Users\praveenreddy.somu\.m2\repository\org\springframework\spring-webmvc\5.1.8.RELEASE\spring-webmvc-5.1.8.RELEASE.jar;C:\Users\praveenreddy.somu\.m2\repository\org\springframework\spring-aop\5.1.8.RELEASE\spring-aop-5.1.8.RELEASE.jar;C:\Users\praveenreddy.somu\.m2\repository\org\springframework\spring-context\5.1.8.RELEASE\spring-context-5.1.8.RELEASE.jar;C:\Users\praveenreddy.somu\.m2\repository\org\springframework\spring-expression\5.1.8.RELEASE\spring-expression-5.1.8.RELEASE.jar;C:\Users\praveenreddy.somu\.m2\repository\org\springframework\boot\spring-boot-starter-log4j2\2.1.6.RELEASE\spring-boot-starter-log4j2-2.1.6.RELEASE.jar;C:\Users\praveenreddy.somu\.m2\repository\org\apache\logging\log4j\log4j-slf4j-impl\2.11.2\log4j-slf4j-impl-2.11.2.jar;C:\Users\praveenreddy.somu\.m2\repository\org\slf4j\slf4j-api\1.7.26\slf4j-api-1.7.26.jar;C:\Users\praveenreddy.somu\.m2\repository\org\apache\logging\log4j\log4j-api\2.11.2\log4j-api-2.11.2.jar;C:\Users\praveenreddy.somu\.m2\repository\org\apache\logging\log4j\log4j-core\2.11.2\log4j-core-2.11.2.jar;C:\Users\praveenreddy.somu\.m2\repository\org\apache\logging\log4j\log4j-jul\2.11.2\log4j-jul-2.11.2.jar;C:\Users\praveenreddy.somu\.m2\repository\org\slf4j\jul-to-slf4j\1.7.26\jul-to-slf4j-1.7.26.jar;C:\Users\praveenreddy.somu\.m2\repository\org\mybatis\spring\boot\mybatis-spring-boot-starter\2.1.0\mybatis-spring-boot-starter-2.1.0.jar;C:\Users\praveenreddy.somu\.m2\repository\org\springframework\boot\spring-boot-starter-jdbc\2.1.6.RELEASE\spring-boot-starter-jdbc-2.1.6.RELEASE.jar;C:\Users\praveenreddy.somu\.m2\repository\com\zaxxer\HikariCP\3.2.0\HikariCP-3.2.0.jar;C:\Users\praveenreddy.somu\.m2\repository\org\springframework\spring-jdbc\5.1.8.RELEASE\spring-jdbc-5.1.8.RELEASE.jar;C:\Users\praveenreddy.somu\.m2\repository\org\springframework\spring-tx\5.1.8.RELEASE\spring-tx-5.1.8.RELEASE.jar;C:\Users\praveenreddy.somu\.m2\repository\org\mybatis\spring\boot\mybatis-spring-boot-autoconfigure\2.1.0\mybatis-spring-boot-autoconfigure-2.1.0.jar;C:\Users\praveenreddy.somu\.m2\repository\org\mybatis\mybatis\3.5.2\mybatis-3.5.2.jar;C:\Users\praveenreddy.somu\.m2\repository\org\mybatis\mybatis-spring\2.0.2\mybatis-spring-2.0.2.jar;C:\Users\praveenreddy.somu\.m2\repository\mysql\mysql-connector-java\8.0.16\mysql-connector-java-8.0.16.jar;C:\Users\praveenreddy.somu\.m2\repository\org\springframework\boot\spring-boot-starter-test\2.1.6.RELEASE\spring-boot-starter-test-2.1.6.RELEASE.jar;C:\Users\praveenreddy.somu\.m2\repository\org\springframework\boot\spring-boot-test\2.1.6.RELEASE\spring-boot-test-2.1.6.RELEASE.jar;C:\Users\praveenreddy.somu\.m2\repository\org\springframework\boot\spring-boot-test-autoconfigure\2.1.6.RELEASE\spring-boot-test-autoconfigure-2.1.6.RELEASE.jar;C:\Users\praveenreddy.somu\.m2\repository\com\jayway\jsonpath\json-path\2.4.0\json-path-2.4.0.jar;C:\Users\praveenreddy.somu\.m2\repository\net\minidev\json-smart\2.3\json-smart-2.3.jar;C:\Users\praveenreddy.somu\.m2\repository\net\minidev\accessors-smart\1.2\accessors-smart-1.2.jar;C:\Users\praveenreddy.somu\.m2\repository\org\ow2\asm\asm\5.0.4\asm-5.0.4.jar;C:\Users\praveenreddy.somu\.m2\repository\junit\junit\4.12\junit-4.12.jar;C:\Users\praveenreddy.somu\.m2\repository\org\assertj\assertj-core\3.11.1\assertj-core-3.11.1.jar;C:\Users\praveenreddy.somu\.m2\repository\org\mockito\mockito-core\2.23.4\mockito-core-2.23.4.jar;C:\Users\praveenreddy.somu\.m2\repository\net\bytebuddy\byte-buddy\1.9.13\byte-buddy-1.9.13.jar;C:\Users\praveenreddy.somu\.m2\repository\net\bytebuddy\byte-buddy-agent\1.9.13\byte-buddy-agent-1.9.13.jar;C:\Users\praveenreddy.somu\.m2\repository\org\objenesis\objenesis\2.6\objenesis-2.6.jar;C:\Users\praveenreddy.somu\.m2\repository\org\hamcrest\hamcrest-core\1.3\hamcrest-core-1.3.jar;C:\Users\praveenreddy.somu\.m2\repository\org\hamcrest\hamcrest-library\1.3\hamcrest-library-1.3.jar;C:\Users\praveenreddy.somu\.m2\repository\org\skyscreamer\jsonassert\1.5.0\jsonassert-1.5.0.jar;C:\Users\praveenreddy.somu\.m2\repository\com\vaadin\external\google\android-json\0.0.20131108.vaadin1\android-json-0.0.20131108.vaadin1.jar;C:\Users\praveenreddy.somu\.m2\repository\org\springframework\spring-core\5.1.8.RELEASE\spring-core-5.1.8.RELEASE.jar;C:\Users\praveenreddy.somu\.m2\repository\org\springframework\spring-jcl\5.1.8.RELEASE\spring-jcl-5.1.8.RELEASE.jar;C:\Users\praveenreddy.somu\.m2\repository\org\springframework\spring-test\5.1.8.RELEASE\spring-test-5.1.8.RELEASE.jar;C:\Users\praveenreddy.somu\.m2\repository\org\xmlunit\xmlunit-core\2.6.2\xmlunit-core-2.6.2.jar;C:\Users\praveenreddy.somu\.m2\repository\org\springframework\boot\spring-boot-devtools\2.1.6.RELEASE\spring-boot-devtools-2.1.6.RELEASE.jar;C:\Users\praveenreddy.somu\.m2\repository\org\springframework\boot\spring-boot\2.1.6.RELEASE\spring-boot-2.1.6.RELEASE.jar;C:\Users\praveenreddy.somu\.m2\repository\org\springframework\boot\spring-boot-autoconfigure\2.1.6.RELEASE\spring-boot-autoconfigure-2.1.6.RELEASE.jar;C:\Users\praveenreddy.somu\.m2\repository\org\springframework\boot\spring-boot-starter-jersey\2.1.6.RELEASE\spring-boot-starter-jersey-2.1.6.RELEASE.jar;C:\Users\praveenreddy.somu\.m2\repository\org\springframework\boot\spring-boot-starter-validation\2.1.6.RELEASE\spring-boot-starter-validation-2.1.6.RELEASE.jar;C:\Users\praveenreddy.somu\.m2\repository\org\glassfish\jersey\core\jersey-server\2.27\jersey-server-2.27.jar;C:\Users\praveenreddy.somu\.m2\repository\org\glassfish\jersey\core\jersey-common\2.27\jersey-common-2.27.jar;C:\Users\praveenreddy.somu\.m2\repository\org\glassfish\hk2\osgi-resource-locator\1.0.1\osgi-resource-locator-1.0.1.jar;C:\Users\praveenreddy.somu\.m2\repository\org\glassfish\jersey\core\jersey-client\2.27\jersey-client-2.27.jar;C:\Users\praveenreddy.somu\.m2\repository\javax\ws\rs\javax.ws.rs-api\2.1\javax.ws.rs-api-2.1.jar;C:\Users\praveenreddy.somu\.m2\repository\org\glassfish\jersey\media\jersey-media-jaxb\2.27\jersey-media-jaxb-2.27.jar;C:\Users\praveenreddy.somu\.m2\repository\org\glassfish\jersey\containers\jersey-container-servlet-core\2.27\jersey-container-servlet-core-2.27.jar;C:\Users\praveenreddy.somu\.m2\repository\org\glassfish\jersey\containers\jersey-container-servlet\2.27\jersey-container-servlet-2.27.jar;C:\Users\praveenreddy.somu\.m2\repository\org\glassfish\jersey\ext\jersey-bean-validation\2.27\jersey-bean-validation-2.27.jar;C:\Users\praveenreddy.somu\.m2\repository\org\glassfish\jersey\ext\jersey-spring4\2.27\jersey-spring4-2.27.jar;C:\Users\praveenreddy.somu\.m2\repository\org\glassfish\jersey\inject\jersey-hk2\2.27\jersey-hk2-2.27.jar;C:\Users\praveenreddy.somu\.m2\repository\org\glassfish\hk2\hk2-locator\2.5.0-b42\hk2-locator-2.5.0-b42.jar;C:\Users\praveenreddy.somu\.m2\repository\org\glassfish\hk2\external\aopalliance-repackaged\2.5.0-b42\aopalliance-repackaged-2.5.0-b42.jar;C:\Users\praveenreddy.somu\.m2\repository\org\javassist\javassist\3.22.0-CR2\javassist-3.22.0-CR2.jar;C:\Users\praveenreddy.somu\.m2\repository\org\glassfish\hk2\hk2\2.5.0-b42\hk2-2.5.0-b42.jar;C:\Users\praveenreddy.somu\.m2\repository\org\glassfish\hk2\hk2-utils\2.5.0-b42\hk2-utils-2.5.0-b42.jar;C:\Users\praveenreddy.somu\.m2\repository\javax\inject\javax.inject\1\javax.inject-1.jar;C:\Users\praveenreddy.somu\.m2\repository\org\glassfish\hk2\hk2-api\2.5.0-b42\hk2-api-2.5.0-b42.jar;C:\Users\praveenreddy.somu\.m2\repository\org\glassfish\hk2\config-types\2.5.0-b42\config-types-2.5.0-b42.jar;C:\Users\praveenreddy.somu\.m2\repository\org\glassfish\hk2\hk2-core\2.5.0-b42\hk2-core-2.5.0-b42.jar;C:\Users\praveenreddy.somu\.m2\repository\org\glassfish\hk2\hk2-config\2.5.0-b42\hk2-config-2.5.0-b42.jar;C:\Users\praveenreddy.somu\.m2\repository\org\glassfish\hk2\hk2-runlevel\2.5.0-b42\hk2-runlevel-2.5.0-b42.jar;C:\Users\praveenreddy.somu\.m2\repository\org\glassfish\hk2\class-model\2.5.0-b42\class-model-2.5.0-b42.jar;C:\Users\praveenreddy.somu\.m2\repository\org\glassfish\hk2\external\asm-all-repackaged\2.5.0-b42\asm-all-repackaged-2.5.0-b42.jar;C:\Users\praveenreddy.somu\.m2\repository\org\glassfish\hk2\spring-bridge\2.5.0-b42\spring-bridge-2.5.0-b42.jar;C:\Users\praveenreddy.somu\.m2\repository\org\glassfish\jersey\media\jersey-media-json-jackson\2.27\jersey-media-json-jackson-2.27.jar;C:\Users\praveenreddy.somu\.m2\repository\org\glassfish\jersey\ext\jersey-entity-filtering\2.27\jersey-entity-filtering-2.27.jar;C:\Users\praveenreddy.somu\.m2\repository\com\fasterxml\jackson\core\jackson-annotations\2.9.0\jackson-annotations-2.9.0.jar;C:\Users\praveenreddy.somu\.m2\repository\com\fasterxml\jackson\module\jackson-module-jaxb-annotations\2.9.9\jackson-module-jaxb-annotations-2.9.9.jar;C:\Users\praveenreddy.somu\.m2\repository\javax\xml\bind\jaxb-api\2.3.1\jaxb-api-2.3.1.jar;C:\Users\praveenreddy.somu\.m2\repository\javax\activation\javax.activation-api\1.2.0\javax.activation-api-1.2.0.jar;C:\Users\praveenreddy.somu\.m2\repository\org\springframework\boot\spring-boot-starter-actuator\2.1.6.RELEASE\spring-boot-starter-actuator-2.1.6.RELEASE.jar;C:\Users\praveenreddy.somu\.m2\repository\org\springframework\boot\spring-boot-actuator-autoconfigure\2.1.6.RELEASE\spring-boot-actuator-autoconfigure-2.1.6.RELEASE.jar;C:\Users\praveenreddy.somu\.m2\repository\org\springframework\boot\spring-boot-actuator\2.1.6.RELEASE\spring-boot-actuator-2.1.6.RELEASE.jar;C:\Users\praveenreddy.somu\.m2\repository\io\micrometer\micrometer-core\1.1.5\micrometer-core-1.1.5.jar;C:\Users\praveenreddy.somu\.m2\repository\org\hdrhistogram\HdrHistogram\2.1.9\HdrHistogram-2.1.9.jar;C:\Users\praveenreddy.somu\.m2\repository\org\latencyutils\LatencyUtils\2.0.3\LatencyUtils-2.0.3.jar;"/>
    <property name="sun.cpu.endian" value="little"/>
    <property name="user.home" value="C:\Users\praveenreddy.somu"/>
    <property name="user.language" value="en"/>
    <property name="java.specification.vendor" value="Oracle Corporation"/>
    <property name="java.version.date" value="2019-07-16"/>
    <property name="java.home" value="C:\Program Files\Java\jdk-12.0.2"/>
    <property name="file.separator" value="\"/>
    <property name="style.color" value="always"/>
    <property name="basedir" value="D:\SpringBootWorkSpace\worldInfoService"/>
    <property name="java.vm.compressedOopsMode" value="Zero based"/>
    <property name="line.separator" value="&#10;"/>
    <property name="java.vm.specification.vendor" value="Oracle Corporation"/>
    <property name="java.specification.name" value="Java Platform API Specification"/>
    <property name="java.awt.graphicsenv" value="sun.awt.Win32GraphicsEnvironment"/>
    <property name="surefire.real.class.path" value="C:\Users\PRAVEE~1.SOM\AppData\Local\Temp\surefire1262176290435948750\surefirebooter10873022310950464394.jar"/>
    <property name="user.script" value=""/>
    <property name="sun.management.compiler" value="HotSpot 64-Bit Tiered Compilers"/>
    <property name="java.runtime.version" value="12.0.2+10"/>
    <property name="user.name" value="praveenreddy.somu"/>
    <property name="path.separator" value=";"/>
    <property name="os.version" value="10.0"/>
    <property name="java.runtime.name" value="Java(TM) SE Runtime Environment"/>
    <property name="file.encoding" value="Cp1252"/>
    <property name="java.vm.name" value="Java HotSpot(TM) 64-Bit Server VM"/>
    <property name="localRepository" value="C:\Users\praveenreddy.somu\.m2\repository"/>
    <property name="java.vendor.url.bug" value="https://bugreport.java.com/bugreport/"/>
    <property name="java.io.tmpdir" value="C:\Users\PRAVEE~1.SOM\AppData\Local\Temp\"/>
    <property name="java.version" value="12.0.2"/>
    <property name="user.dir" value="D:\SpringBootWorkSpace\worldInfoService"/>
    <property name="os.arch" value="amd64"/>
    <property name="java.vm.specification.name" value="Java Virtual Machine Specification"/>
    <property name="sun.os.patch.level" value=""/>
    <property name="java.library.path" value="C:\Program Files\Java\jdk-12.0.2\bin;C:\Windows\Sun\Java\bin;C:\Windows\system32;C:\Windows;C:/Program Files/Java/jdk-12.0.2/bin/server;C:/Program Files/Java/jdk-12.0.2/bin;C:\Windows\system32;C:\Windows;C:\Windows\System32\Wbem;C:\Windows\System32\WindowsPowerShell\v1.0\;C:\Windows\System32\OpenSSH\;C:\Program Files\Java\jdk-12.0.2\bin;C:\Users\praveenreddy.somu\AppData\Local\Microsoft\WindowsApps;;D:\Soft\sts-bundle\sts-3.9.9.RELEASE;;."/>
    <property name="java.vm.info" value="mixed mode, sharing"/>
    <property name="java.vendor" value="Oracle Corporation"/>
    <property name="java.vm.version" value="12.0.2+10"/>
    <property name="sun.io.unicode.encoding" value="UnicodeLittle"/>
    <property name="java.class.version" value="56.0"/>
  </properties>
  <testcase name="contextLoads" classname="com.world.info.WorldInfoServiceApplicationTests" time="0.728"/>
</testsuite>